==1733317== Memcheck, a memory error detector
==1733317== Copyright (C) 2002-2017, and GNU GPL'd, by Julian Seward et al.
==1733317== Using Valgrind-3.18.1 and LibVEX; rerun with -h for copyright info
==1733317== Command: ./oll
==1733317== 
==1733317== Conditional jump or move depends on uninitialised value(s)
==1733317==    at 0x109307: add_node (oll.c:36)
==1733317==    by 0x109576: main (oll.c:112)
==1733317== 
==1733317== Conditional jump or move depends on uninitialised value(s)
==1733317==    at 0x109351: add_node (oll.c:44)
==1733317==    by 0x109576: main (oll.c:112)
==1733317== 
==1733317== Conditional jump or move depends on uninitialised value(s)
==1733317==    at 0x1093D2: print_list (oll.c:63)
==1733317==    by 0x1095A9: main (oll.c:115)
==1733317== 
==1733317== Conditional jump or move depends on uninitialised value(s)
==1733317==    at 0x109435: print_list (oll.c:74)
==1733317==    by 0x1095A9: main (oll.c:115)
==1733317== 
==1733317== Conditional jump or move depends on uninitialised value(s)
==1733317==    at 0x1094A9: free_list (oll.c:90)
==1733317==    by 0x1095B8: main (oll.c:116)
==1733317== 
==1733317== 
==1733317== HEAP SUMMARY:
==1733317==     in use at exit: 0 bytes in 0 blocks
==1733317==   total heap usage: 34 allocs, 34 frees, 12,784 bytes allocated
==1733317== 
==1733317== All heap blocks were freed -- no leaks are possible
==1733317== 
==1733317== Use --track-origins=yes to see where uninitialised values come from
==1733317== For lists of detected and suppressed errors, rerun with: -s
==1733317== ERROR SUMMARY: 11 errors from 5 contexts (suppressed: 0 from 0)
