Thread 0 processed 13 words and failed 1 words in 7.90 seconds
Thread 1 processed 13 words and failed 2 words in 8.31 seconds
Thread 2 processed 13 words and failed 1 words in 10.11 seconds
Thread 3 processed 13 words and failed 2 words in 8.24 seconds
Thread 4 processed 13 words and failed 1 words in 8.95 seconds
Thread 5 processed 13 words and failed 1 words in 5.91 seconds
Thread 6 processed 13 words and failed 1 words in 4.59 seconds
Thread 7 processed 13 words and failed 1 words in 21.90 seconds
Thread 8 processed 13 words and failed 2 words in 2.55 seconds
Thread 9 processed 13 words and failed 0 words in 4.30 seconds
Thread 10 processed 12 words and failed 3 words in 13.59 seconds
Thread 11 processed 12 words and failed 0 words in 10.95 seconds
Thread 12 processed 12 words and failed 1 words in 7.67 seconds
Thread 13 processed 12 words and failed 2 words in 9.58 seconds
Thread 14 processed 12 words and failed 1 words in 19.56 seconds
Thread 15 processed 12 words and failed 0 words in 11.87 seconds
Thread 16 processed 12 words and failed 0 words in 4.59 seconds
Thread 17 processed 12 words and failed 1 words in 28.72 seconds
Thread 18 processed 12 words and failed 1 words in 8.11 seconds
Thread 19 processed 12 words and failed 0 words in 3.33 seconds
Total DES: 1
Total NT: 1
Total MD5: 1
Total SHA256: 0
Total SHA512: 2
Total YESCRYPT: 3
Total GOST_YESCRYPT: 0
Total BCRYPT: 2
Total: 10
Failed: 1
